ShortVideoRecord/gradle-build/AliyunCrop/crop_demo/outputs/logs/manifest-merger-release-report.txt
-- Merging decision tree log ---
manifest
ADDED from src\main\AndroidManifest.xml:1:1-35:12
INJECTED from src\main\AndroidManifest.xml:1:1-35:12
INJECTED from src\main\AndroidManifest.xml:1:1-35:12
INJECTED from src\main\AndroidManifest.xml:1:1-35:12
INJECTED from src\main\AndroidManifest.xml:1:1-35:12
INJECTED from src\main\AndroidManifest.xml:1:1-35:12
INJECTED from src\main\AndroidManifest.xml:1:1-35:12
	package
		ADDED from src\main\AndroidManifest.xml:3:5-35
		INJECTED from src\main\AndroidManifest.xml
		INJECTED from src\main\AndroidManifest.xml
	android:versionName
		INJECTED from src\main\AndroidManifest.xml
		ADDED from src\main\AndroidManifest.xml:1:1-35:12
		INJECTED from src\main\AndroidManifest.xml
	xmlns:tools
		ADDED from src\main\AndroidManifest.xml:2:5-51
	android:versionCode
		INJECTED from src\main\AndroidManifest.xml
		ADDED from src\main\AndroidManifest.xml:1:1-35:12
		INJECTED from src\main\AndroidManifest.xml
	xmlns:android
		ADDED from src\main\AndroidManifest.xml:1:11-69
application
ADDED from src\main\AndroidManifest.xml:5:5-33:19
activity#com.aliyun.demo.crop.CropSettingTest
ADDED from src\main\AndroidManifest.xml:6:9-13:20
	android:screenOrientation
		ADDED from src\main\AndroidManifest.xml:7:13-49
	android:windowSoftInputMode
		ADDED from src\main\AndroidManifest.xml:8:13-52
	android:name
		ADDED from src\main\AndroidManifest.xml:6:19-70
intent-filter#android.intent.category.DEFAULT+com.duanqu.qupai.action.crop.setting
ADDED from src\main\AndroidManifest.xml:9:13-12:29
action#com.duanqu.qupai.action.crop.setting
ADDED from src\main\AndroidManifest.xml:10:17-78
	android:name
		ADDED from src\main\AndroidManifest.xml:10:25-76
category#android.intent.category.DEFAULT
ADDED from src\main\AndroidManifest.xml:11:17-75
	android:name
		ADDED from src\main\AndroidManifest.xml:11:27-73
activity#com.aliyun.demo.crop.MediaActivity
ADDED from src\main\AndroidManifest.xml:14:9-22:20
	android:screenOrientation
		ADDED from src\main\AndroidManifest.xml:17:13-49
	android:theme
		ADDED from src\main\AndroidManifest.xml:15:13-55
	tools:replace
		ADDED from src\main\AndroidManifest.xml:16:13-42
	android:name
		ADDED from src\main\AndroidManifest.xml:14:19-68
intent-filter#android.intent.category.DEFAULT+com.duanqu.qupai.action.crop
ADDED from src\main\AndroidManifest.xml:18:13-21:29
action#com.duanqu.qupai.action.crop
ADDED from src\main\AndroidManifest.xml:19:17-70
	android:name
		ADDED from src\main\AndroidManifest.xml:19:25-68
activity#com.aliyun.demo.crop.AliyunVideoCrop
ADDED from src\main\AndroidManifest.xml:23:9-27:20
	android:screenOrientation
		ADDED from src\main\AndroidManifest.xml:26:13-49
	android:theme
		ADDED from src\main\AndroidManifest.xml:24:13-55
	tools:replace
		ADDED from src\main\AndroidManifest.xml:25:13-42
	android:name
		ADDED from src\main\AndroidManifest.xml:23:19-70
activity#com.aliyun.demo.crop.AliyunImageCrop
ADDED from src\main\AndroidManifest.xml:28:9-32:20
	android:screenOrientation
		ADDED from src\main\AndroidManifest.xml:31:19-55
	android:theme
		ADDED from src\main\AndroidManifest.xml:29:19-61
	tools:replace
		ADDED from src\main\AndroidManifest.xml:30:19-48
	android:name
		ADDED from src\main\AndroidManifest.xml:28:19-70
uses-sdk
INJECTED from src\main\AndroidManifest.xml reason: use-sdk injection requested
INJECTED from src\main\AndroidManifest.xml
INJECTED from src\main\AndroidManifest.xml
INJECTED from src\main\AndroidManifest.xml
INJECTED from src\main\AndroidManifest.xml
	android:targetSdkVersion
		INJECTED from src\main\AndroidManifest.xml
		ADDED from src\main\AndroidManifest.xml
		INJECTED from src\main\AndroidManifest.xml
	android:minSdkVersion
		INJECTED from src\main\AndroidManifest.xml
		ADDED from src\main\AndroidManifest.xml
		INJECTED from src\main\AndroidManifest.xml